14.0732 	EXP 	Created window1 = Window(allowGUI=True, allowStencil=True, args=UNKNOWN, autoLog=True, bitsMode=UNKNOWN, blendMode='avg', color=array([165., 165., 165.]), colorSpace='rgb255', fullscr=UNKNOWN, gamma=None, kwargs=UNKNOWN, lms=UNKNOWN, monitor=<psychopy.monitors.calibTools.Monitor object at 0x110a05990>, multiSample=False, name='window1', numSamples=2, pos=[0, 0], screen=0, size=array([1440,  900]), stereo=False, units=u'norm', useFBO=False, useRetina=False, viewOri=0.0, viewPos=None, viewScale=None, waitBlanking=True, winType=u'pyglet')
14.0732 	EXP 	window1: recordFrameIntervals = True
14.0736 	EXP 	window1: mouseVisible = False
14.0736 	EXP 	window1: recordFrameIntervals = False
14.2279 	EXP 	window1: recordFrameIntervals = True
14.4113 	EXP 	window1: recordFrameIntervals = True
14.6399 	EXP 	Created instruction_text = TextStim(alignHoriz='center', alignVert='center', antialias=True, autoLog=True, bold=False, color='white', colorSpace='named', contrast=1.0, depth=0.0, flipHoriz=False, flipVert=False, font='Calibri', fontFiles=[], height=0.9, italic=False, name='instruction_text', opacity=1.0, ori=0, pos=array([0. , 0.5]), rgb=array([255., 255., 255.]), text=newstr(...), units='deg', win=Window(...), wrapWidth=20)
14.6901 	EXP 	Created instruction_text = TextStim(alignHoriz='center', alignVert='center', antialias=True, autoLog=True, bold=False, color='white', colorSpace='named', contrast=1.0, depth=0.0, flipHoriz=False, flipVert=False, font='Calibri', fontFiles=[], height=0.9, italic=False, name='instruction_text', opacity=1.0, ori=0, pos=array([0. , 0.5]), rgb=array([255., 255., 255.]), text=newstr(...), units='deg', win=Window(...), wrapWidth=20)
14.8754 	EXP 	Created unnamed ImageStim = ImageStim(autoLog=True, color=array([1., 1., 1.]), colorSpace='rgb', contrast=1.0, depth=0, flipHoriz=False, flipVert=False, image='Stimuli/nithisDaisies.jpg', interpolate=False, mask=None, maskParams=None, name='unnamed ImageStim', opacity=1.0, ori=0.0, pos=array([0., 0.]), size=array([8.8, 4.4]), texRes=128, units='deg', win=Window(...))
14.8825 	EXP 	Created unnamed TextStim = TextStim(alignHoriz='center', alignVert='center', antialias=True, autoLog=True, bold=False, color='white', colorSpace='named', contrast=1.0, depth=0, flipHoriz=False, flipVert=False, font='', fontFiles=[], height=1, italic=False, name='unnamed TextStim', opacity=1.0, ori=0.0, pos=array([0., 0.]), rgb=array([255., 255., 255.]), text='+', units='deg', win=Window(...), wrapWidth=15.0)
14.8915 	EXP 	Created unnamed TextStim = TextStim(alignHoriz='center', alignVert='center', antialias=True, autoLog=True, bold=False, color='white', colorSpace='named', contrast=1.0, depth=0, flipHoriz=False, flipVert=False, font='', fontFiles=[], height=1, italic=False, name='unnamed TextStim', opacity=1.0, ori=0.0, pos=array([0., 0.]), rgb=array([255., 255., 255.]), text='<-->', units='cm', win=Window(...), wrapWidth=15.0)
14.9110 	WARNING 	t of last frame was 500.05ms (=1/1)
24.2233 	DATA 	Keypress: space
24.2284 	WARNING 	t of last frame was 9317.40ms (=1/0)
28.5704 	DATA 	Keypress: 5
28.5954 	WARNING 	t of last frame was 4366.99ms (=1/0)
28.5954 	EXP 	unnamed ImageStim: image = 'Stimuli/Eyes/EnhancedGrayEyes1.png'
30.6122 	EXP 	unnamed ImageStim: image = 'Stimuli/Nose/EnhancedGrayNose1.png'
32.6290 	EXP 	unnamed ImageStim: image = 'Stimuli/Mouth/EnhancedGrayMouth1.png'
34.6460 	EXP 	unnamed ImageStim: image = 'Stimuli/Eyes/EnhancedGrayEyes1.png'
36.6628 	EXP 	unnamed ImageStim: image = 'Stimuli/Nose/EnhancedGrayNose1.png'
38.6796 	EXP 	unnamed ImageStim: image = 'Stimuli/Mouth/EnhancedGrayMouth1.png'
40.9640 	EXP 	window1: mouseVisible = True
