11.5931 	EXP 	Created window1 = Window(allowGUI=True, allowStencil=True, args=UNKNOWN, autoLog=True, bitsMode=UNKNOWN, blendMode='avg', color=array([165., 165., 165.]), colorSpace='rgb255', fullscr=UNKNOWN, gamma=None, kwargs=UNKNOWN, lms=UNKNOWN, monitor=<psychopy.monitors.calibTools.Monitor object at 0x112144950>, multiSample=False, name='window1', numSamples=2, pos=[0, 0], screen=0, size=array([1440,  900]), stereo=False, units=u'norm', useFBO=False, useRetina=False, viewOri=0.0, viewPos=None, viewScale=None, waitBlanking=True, winType=u'pyglet')
11.5931 	EXP 	window1: recordFrameIntervals = True
11.5935 	EXP 	window1: mouseVisible = False
11.5935 	EXP 	window1: recordFrameIntervals = False
11.7585 	EXP 	window1: recordFrameIntervals = True
11.9419 	EXP 	window1: recordFrameIntervals = True
12.1513 	EXP 	Created instruction_text = TextStim(alignHoriz='center', alignVert='center', antialias=True, autoLog=True, bold=False, color='white', colorSpace='named', contrast=1.0, depth=0.0, flipHoriz=False, flipVert=False, font='Calibri', fontFiles=[], height=0.9, italic=False, name='instruction_text', opacity=1.0, ori=0, pos=array([0. , 0.5]), rgb=array([255., 255., 255.]), text=newstr(...), units='deg', win=Window(...), wrapWidth=20)
12.2080 	EXP 	Created instruction_text = TextStim(alignHoriz='center', alignVert='center', antialias=True, autoLog=True, bold=False, color='white', colorSpace='named', contrast=1.0, depth=0.0, flipHoriz=False, flipVert=False, font='Calibri', fontFiles=[], height=0.9, italic=False, name='instruction_text', opacity=1.0, ori=0, pos=array([0. , 0.5]), rgb=array([255., 255., 255.]), text=newstr(...), units='deg', win=Window(...), wrapWidth=20)
12.3937 	EXP 	Created unnamed ImageStim = ImageStim(autoLog=True, color=array([1., 1., 1.]), colorSpace='rgb', contrast=1.0, depth=0, flipHoriz=False, flipVert=False, image='Stimuli/nithisDaisies.jpg', interpolate=False, mask=None, maskParams=None, name='unnamed ImageStim', opacity=1.0, ori=0.0, pos=array([0., 0.]), size=array([17.6,  4.4]), texRes=128, units='deg', win=Window(...))
12.4048 	EXP 	Created unnamed TextStim = TextStim(alignHoriz='center', alignVert='center', antialias=True, autoLog=True, bold=False, color='black', colorSpace='named', contrast=1.0, depth=0, flipHoriz=False, flipVert=False, font='', fontFiles=[], height=1, italic=False, name='unnamed TextStim', opacity=1.0, ori=0.0, pos=array([0., 0.]), rgb=array([0., 0., 0.]), text='+', units='deg', win=Window(...), wrapWidth=15.0)
12.4139 	EXP 	Created unnamed TextStim = TextStim(alignHoriz='center', alignVert='center', antialias=True, autoLog=True, bold=False, color='white', colorSpace='named', contrast=1.0, depth=0, flipHoriz=False, flipVert=False, font='', fontFiles=[], height=1, italic=False, name='unnamed TextStim', opacity=1.0, ori=0.0, pos=array([0., 0.]), rgb=array([255., 255., 255.]), text='<-->', units='cm', win=Window(...), wrapWidth=15.0)
12.4250 	WARNING 	t of last frame was 483.41ms (=1/2)
13.3072 	DATA 	Keypress: space
13.3253 	WARNING 	t of last frame was 900.26ms (=1/1)
13.9024 	DATA 	Keypress: 5
13.9252 	WARNING 	t of last frame was 599.90ms (=1/1)
13.9252 	EXP 	unnamed ImageStim: image = 'Stimuli/Eyes/EnhancedGrayEyes1.png'
15.9254 	EXP 	unnamed ImageStim: image = 'Stimuli/Nose/EnhancedGrayNose1.png'
17.9422 	EXP 	unnamed ImageStim: image = 'Stimuli/Mouth/EnhancedGrayMouth1.png'
19.9591 	EXP 	unnamed ImageStim: image = 'Stimuli/Eyes/EnhancedGrayscaleeyes.png'
21.9757 	EXP 	unnamed ImageStim: image = 'Stimuli/Nose/EnhancedGrayscaleNose.png'
23.9926 	EXP 	unnamed ImageStim: image = 'Stimuli/Mouth/EnhancedGrayscaleMouth.png'
26.0095 	EXP 	unnamed ImageStim: image = 'Stimuli/Eyes/EnhancedGrayscaleeyes2.png'
28.0263 	EXP 	unnamed ImageStim: image = 'Stimuli/Nose/EnhancedGrayscaleNose2.png'
30.0432 	EXP 	unnamed ImageStim: image = 'Stimuli/Mouth/EnhancedGrayScaleMouth4.png'
32.0600 	EXP 	unnamed ImageStim: image = 'Stimuli/Eyes/EnhancedGrayScaleEyes3.png'
34.0768 	EXP 	unnamed ImageStim: image = 'Stimuli/Nose/EnhancedGrayScaleNose3.png'
36.0936 	EXP 	unnamed ImageStim: image = 'Stimuli/Mouth/EnhanceGrayscaleMouth2.png'
38.1105 	EXP 	unnamed ImageStim: image = 'Stimuli/Eyes/EnhancedGrayScaleEyes4.png'
40.1273 	EXP 	unnamed ImageStim: image = 'Stimuli/Nose/EnhancedGrayScaleNose4.png'
42.3978 	EXP 	window1: mouseVisible = True
