13.2237 	EXP 	Created window1 = Window(allowGUI=True, allowStencil=True, args=UNKNOWN, autoLog=True, bitsMode=UNKNOWN, blendMode='avg', color=array([165., 165., 165.]), colorSpace='rgb255', fullscr=UNKNOWN, gamma=None, kwargs=UNKNOWN, lms=UNKNOWN, monitor=<psychopy.monitors.calibTools.Monitor object at 0x1117c4950>, multiSample=False, name='window1', numSamples=2, pos=[0, 0], screen=0, size=array([1440,  900]), stereo=False, units=u'norm', useFBO=False, useRetina=False, viewOri=0.0, viewPos=None, viewScale=None, waitBlanking=True, winType=u'pyglet')
13.2238 	EXP 	window1: recordFrameIntervals = True
13.2242 	EXP 	window1: mouseVisible = False
13.2242 	EXP 	window1: recordFrameIntervals = False
13.3787 	EXP 	window1: recordFrameIntervals = True
13.5622 	EXP 	window1: recordFrameIntervals = True
13.8051 	EXP 	Created instruction_text = TextStim(alignHoriz='center', alignVert='center', antialias=True, autoLog=True, bold=False, color='white', colorSpace='named', contrast=1.0, depth=0.0, flipHoriz=False, flipVert=False, font='Calibri', fontFiles=[], height=0.9, italic=False, name='instruction_text', opacity=1.0, ori=0, pos=array([0. , 0.5]), rgb=array([255., 255., 255.]), text=newstr(...), units='deg', win=Window(...), wrapWidth=20)
13.8539 	EXP 	Created instruction_text = TextStim(alignHoriz='center', alignVert='center', antialias=True, autoLog=True, bold=False, color='white', colorSpace='named', contrast=1.0, depth=0.0, flipHoriz=False, flipVert=False, font='Calibri', fontFiles=[], height=0.9, italic=False, name='instruction_text', opacity=1.0, ori=0, pos=array([0. , 0.5]), rgb=array([255., 255., 255.]), text=newstr(...), units='deg', win=Window(...), wrapWidth=20)
14.0473 	EXP 	Created unnamed ImageStim = ImageStim(autoLog=True, color=array([1., 1., 1.]), colorSpace='rgb', contrast=1.0, depth=0, flipHoriz=False, flipVert=False, image='Stimuli/nithisDaisies.jpg', interpolate=False, mask=None, maskParams=None, name='unnamed ImageStim', opacity=1.0, ori=0.0, pos=array([0., 0.]), size=array([17.6,  4.4]), texRes=128, units='deg', win=Window(...))
14.0531 	EXP 	Created unnamed TextStim = TextStim(alignHoriz='center', alignVert='center', antialias=True, autoLog=True, bold=False, color='black', colorSpace='named', contrast=1.0, depth=0, flipHoriz=False, flipVert=False, font='', fontFiles=[], height=1, italic=False, name='unnamed TextStim', opacity=1.0, ori=0.0, pos=array([0., 0.]), rgb=array([0., 0., 0.]), text='+', units='deg', win=Window(...), wrapWidth=15.0)
14.0612 	EXP 	Created unnamed TextStim = TextStim(alignHoriz='center', alignVert='center', antialias=True, autoLog=True, bold=False, color='white', colorSpace='named', contrast=1.0, depth=0, flipHoriz=False, flipVert=False, font='', fontFiles=[], height=1, italic=False, name='unnamed TextStim', opacity=1.0, ori=0.0, pos=array([0., 0.]), rgb=array([255., 255., 255.]), text='<-->', units='cm', win=Window(...), wrapWidth=15.0)
14.0784 	WARNING 	t of last frame was 516.59ms (=1/1)
15.4371 	DATA 	Keypress: space
15.4453 	WARNING 	t of last frame was 1366.92ms (=1/0)
16.4985 	DATA 	Keypress: 5
16.5287 	WARNING 	t of last frame was 1083.43ms (=1/0)
16.5287 	EXP 	unnamed ImageStim: image = 'Stimuli/Eyes/EnhancedGrayEyes1.png'
18.5456 	EXP 	unnamed ImageStim: image = 'Stimuli/Nose/EnhancedGrayNose1.png'
20.5624 	EXP 	unnamed ImageStim: image = 'Stimuli/Mouth/EnhancedGrayMouth1.png'
22.5793 	EXP 	unnamed ImageStim: image = 'Stimuli/Eyes/EnhancedGrayEyes1.png'
24.5961 	EXP 	unnamed ImageStim: image = 'Stimuli/Nose/EnhancedGrayNose1.png'
26.6130 	EXP 	unnamed ImageStim: image = 'Stimuli/Mouth/EnhancedGrayMouth1.png'
28.6298 	EXP 	unnamed ImageStim: image = 'Stimuli/Eyes/EnhancedGrayEyes1.png'
30.6466 	EXP 	unnamed ImageStim: image = 'Stimuli/Nose/EnhancedGrayNose1.png'
32.6635 	EXP 	unnamed ImageStim: image = 'Stimuli/Mouth/EnhancedGrayMouth1.png'
34.6803 	EXP 	unnamed ImageStim: image = 'Stimuli/Eyes/EnhancedGrayEyes1.png'
36.6971 	EXP 	unnamed ImageStim: image = 'Stimuli/Nose/EnhancedGrayNose1.png'
38.7138 	EXP 	unnamed ImageStim: image = 'Stimuli/Mouth/EnhancedGrayMouth1.png'
40.9962 	EXP 	window1: mouseVisible = True
