14.9793 	EXP 	Created window1 = Window(allowGUI=True, allowStencil=True, args=UNKNOWN, autoLog=True, bitsMode=UNKNOWN, blendMode='avg', color=array([165., 165., 165.]), colorSpace='rgb255', fullscr=UNKNOWN, gamma=None, kwargs=UNKNOWN, lms=UNKNOWN, monitor=<psychopy.monitors.calibTools.Monitor object at 0x10f142950>, multiSample=False, name='window1', numSamples=2, pos=[0, 0], screen=0, size=array([1440,  900]), stereo=False, units=u'norm', useFBO=False, useRetina=False, viewOri=0.0, viewPos=None, viewScale=None, waitBlanking=True, winType=u'pyglet')
14.9793 	EXP 	window1: recordFrameIntervals = True
14.9798 	EXP 	window1: mouseVisible = False
14.9798 	EXP 	window1: recordFrameIntervals = False
15.1451 	EXP 	window1: recordFrameIntervals = True
15.3287 	EXP 	window1: recordFrameIntervals = True
15.5762 	EXP 	Created instruction_text = TextStim(alignHoriz='center', alignVert='center', antialias=True, autoLog=True, bold=False, color='white', colorSpace='named', contrast=1.0, depth=0.0, flipHoriz=False, flipVert=False, font='Calibri', fontFiles=[], height=0.9, italic=False, name='instruction_text', opacity=1.0, ori=0, pos=array([0. , 0.5]), rgb=array([255., 255., 255.]), text=newstr(...), units='deg', win=Window(...), wrapWidth=20)
15.6217 	EXP 	Created instruction_text = TextStim(alignHoriz='center', alignVert='center', antialias=True, autoLog=True, bold=False, color='white', colorSpace='named', contrast=1.0, depth=0.0, flipHoriz=False, flipVert=False, font='Calibri', fontFiles=[], height=0.9, italic=False, name='instruction_text', opacity=1.0, ori=0, pos=array([0. , 0.5]), rgb=array([255., 255., 255.]), text=newstr(...), units='deg', win=Window(...), wrapWidth=20)
15.7997 	EXP 	Created unnamed ImageStim = ImageStim(autoLog=True, color=array([1., 1., 1.]), colorSpace='rgb', contrast=1.0, depth=0, flipHoriz=False, flipVert=False, image='Stimuli/nithisDaisies.jpg', interpolate=False, mask=None, maskParams=None, name='unnamed ImageStim', opacity=1.0, ori=0.0, pos=array([0., 0.]), size=array([4.4, 4.4]), texRes=128, units='deg', win=Window(...))
15.8086 	EXP 	Created unnamed TextStim = TextStim(alignHoriz='center', alignVert='center', antialias=True, autoLog=True, bold=False, color='white', colorSpace='named', contrast=1.0, depth=0, flipHoriz=False, flipVert=False, font='', fontFiles=[], height=1, italic=False, name='unnamed TextStim', opacity=1.0, ori=0.0, pos=array([0., 0.]), rgb=array([255., 255., 255.]), text='+', units='deg', win=Window(...), wrapWidth=15.0)
15.8197 	EXP 	Created unnamed TextStim = TextStim(alignHoriz='center', alignVert='center', antialias=True, autoLog=True, bold=False, color='white', colorSpace='named', contrast=1.0, depth=0, flipHoriz=False, flipVert=False, font='', fontFiles=[], height=1, italic=False, name='unnamed TextStim', opacity=1.0, ori=0.0, pos=array([0., 0.]), rgb=array([255., 255., 255.]), text='<-->', units='cm', win=Window(...), wrapWidth=15.0)
15.8281 	WARNING 	t of last frame was 499.85ms (=1/2)
20.6075 	DATA 	Keypress: space
20.6120 	WARNING 	t of last frame was 4783.84ms (=1/0)
24.3316 	DATA 	Keypress: 5
24.3621 	WARNING 	t of last frame was 3750.18ms (=1/0)
24.3621 	EXP 	unnamed ImageStim: image = 'Stimuli/Eyes/eyes01.png'
26.3791 	EXP 	unnamed ImageStim: image = 'Stimuli/Nose/nose01.png'
28.3960 	EXP 	unnamed ImageStim: image = 'Stimuli/Mouth/mouth01.png'
30.4128 	EXP 	unnamed ImageStim: image = 'Stimuli/Eyes/eyes01.png'
32.4297 	EXP 	unnamed ImageStim: image = 'Stimuli/Nose/nose01.png'
34.4464 	EXP 	unnamed ImageStim: image = 'Stimuli/Mouth/mouth01.png'
36.7163 	EXP 	window1: mouseVisible = True
