10.8408 	EXP 	Created window1 = Window(allowGUI=True, allowStencil=True, args=UNKNOWN, autoLog=True, bitsMode=UNKNOWN, blendMode='avg', color=array([165., 165., 165.]), colorSpace='rgb255', fullscr=UNKNOWN, gamma=None, kwargs=UNKNOWN, lms=UNKNOWN, monitor=<psychopy.monitors.calibTools.Monitor object at 0x1118029d0>, multiSample=False, name='window1', numSamples=2, pos=[0, 0], screen=0, size=array([1440,  900]), stereo=False, units=u'norm', useFBO=False, useRetina=False, viewOri=0.0, viewPos=None, viewScale=None, waitBlanking=True, winType=u'pyglet')
10.8409 	EXP 	window1: recordFrameIntervals = True
10.8413 	EXP 	window1: mouseVisible = False
10.8413 	EXP 	window1: recordFrameIntervals = False
11.0063 	EXP 	window1: recordFrameIntervals = True
11.1899 	EXP 	window1: recordFrameIntervals = True
11.3604 	EXP 	Created instruction_text = TextStim(alignHoriz='center', alignVert='center', antialias=True, autoLog=True, bold=False, color='white', colorSpace='named', contrast=1.0, depth=0.0, flipHoriz=False, flipVert=False, font='Calibri', fontFiles=[], height=0.9, italic=False, name='instruction_text', opacity=1.0, ori=0, pos=array([0. , 0.5]), rgb=array([255., 255., 255.]), text=newstr(...), units='deg', win=Window(...), wrapWidth=20)
11.4018 	EXP 	Created instruction_text = TextStim(alignHoriz='center', alignVert='center', antialias=True, autoLog=True, bold=False, color='white', colorSpace='named', contrast=1.0, depth=0.0, flipHoriz=False, flipVert=False, font='Calibri', fontFiles=[], height=0.9, italic=False, name='instruction_text', opacity=1.0, ori=0, pos=array([0. , 0.5]), rgb=array([255., 255., 255.]), text=newstr(...), units='deg', win=Window(...), wrapWidth=20)
11.5361 	EXP 	Created unnamed ImageStim = ImageStim(autoLog=True, color=array([1., 1., 1.]), colorSpace='rgb', contrast=1.0, depth=0, flipHoriz=False, flipVert=False, image='Stimuli/nithisDaisies.jpg', interpolate=False, mask=None, maskParams=None, name='unnamed ImageStim', opacity=1.0, ori=0.0, pos=array([0., 0.]), size=array([8.8, 4.4]), texRes=128, units='deg', win=Window(...))
11.5419 	EXP 	Created unnamed TextStim = TextStim(alignHoriz='center', alignVert='center', antialias=True, autoLog=True, bold=False, color='white', colorSpace='named', contrast=1.0, depth=0, flipHoriz=False, flipVert=False, font='', fontFiles=[], height=1, italic=False, name='unnamed TextStim', opacity=1.0, ori=0.0, pos=array([0., 0.]), rgb=array([255., 255., 255.]), text='+', units='deg', win=Window(...), wrapWidth=15.0)
11.5498 	EXP 	Created unnamed TextStim = TextStim(alignHoriz='center', alignVert='center', antialias=True, autoLog=True, bold=False, color='white', colorSpace='named', contrast=1.0, depth=0, flipHoriz=False, flipVert=False, font='', fontFiles=[], height=1, italic=False, name='unnamed TextStim', opacity=1.0, ori=0.0, pos=array([0., 0.]), rgb=array([255., 255., 255.]), text='<-->', units='cm', win=Window(...), wrapWidth=15.0)
11.5562 	WARNING 	t of last frame was 366.66ms (=1/2)
12.9315 	DATA 	Keypress: space
12.9397 	WARNING 	t of last frame was 1383.50ms (=1/0)
13.3407 	DATA 	Keypress: 5
13.3730 	WARNING 	t of last frame was 433.31ms (=1/2)
13.3730 	EXP 	unnamed ImageStim: image = 'Stimuli/Eyes/EnhancedGrayscaleeyes.png'
15.3732 	EXP 	unnamed ImageStim: image = 'Stimuli/Nose/EnhancedGrayscaleNose.png'
17.3900 	EXP 	unnamed ImageStim: image = 'Stimuli/Mouth/EnhancedGrayscaleMouth.png'
19.4069 	EXP 	unnamed ImageStim: image = 'Stimuli/Eyes/EnhancedGrayscaleeyes.png'
21.4238 	EXP 	unnamed ImageStim: image = 'Stimuli/Nose/EnhancedGrayscaleNose.png'
23.4406 	EXP 	unnamed ImageStim: image = 'Stimuli/Mouth/EnhancedGrayscaleMouth.png'
25.7115 	EXP 	window1: mouseVisible = True
